[    0.000000] Initializing cgroup subsys cpuset
[    0.000000] Initializing cgroup subsys cpu
[    0.000000] Initializing cgroup subsys cpuacct
[    0.000000] Linux version 4.4.0-210-generic (buildd@lgw01-amd64-009) (gcc version 5.4.0 20160609 (Ubuntu 5.4.0-6ubuntu1~16.04.12) ) #242-Ubuntu SMP Fri Apr 16 09:57:56 UTC 2021 (Ubuntu 4.4.0-210.242-generic 4.4.262)
[    0.000000] Command line: BOOT_IMAGE=/boot/vmlinuz-4.4.0-210-generic root=LABEL=cloudimg-rootfs ro console=tty1 console=ttyS0
[    0.000000] KERNEL supported cpus:
[    0.000000]   Intel GenuineIntel
[    0.000000]   AMD AuthenticAMD
[    0.000000]   Centaur CentaurHauls
[    0.000000] x86/fpu: xstate_offset[2]:  576, xstate_sizes[2]:  256
[    0.000000] x86/fpu: Supporting XSAVE feature 0x01: 'x87 floating point registers'
[    0.000000] x86/fpu: Supporting XSAVE feature 0x02: 'SSE registers'
[    0.000000] x86/fpu: Supporting XSAVE feature 0x04: 'AVX registers'
[    0.000000] x86/fpu: Enabled xstate features 0x7, context size is 832 bytes, using 'standard' format.
[    0.000000] e820: BIOS-provided physical RAM map:
[    0.000000] BIOS-e820: [mem 0x0000000000000000-0x000000000009fbff] usable
[    0.000000] BIOS-e820: [mem 0x000000000009fc00-0x000000000009ffff] reserved
[    0.000000] BIOS-e820: [mem 0x00000000000f0000-0x00000000000fffff] reserved
[    0.000000] BIOS-e820: [mem 0x0000000000100000-0x000000007ffeffff] usable
[    0.000000] BIOS-e820: [mem 0x000000007fff0000-0x000000007fffffff] ACPI data
[    0.000000] BIOS-e820: [mem 0x00000000fec00000-0x00000000fec00fff] reserved
[    0.000000] BIOS-e820: [mem 0x00000000fee00000-0x00000000fee00fff] reserved
[    0.000000] BIOS-e820: [mem 0x00000000fffc0000-0x00000000ffffffff] reserved
[    0.000000] NX (Execute Disable) protection: active
[    0.000000] SMBIOS 2.5 present.
[    0.000000] Hypervisor detected: KVM
[    0.000000] Kernel/User page tables isolation: disabled
[    0.000000] e820: last_pfn = 0x7fff0 max_arch_pfn = 0x400000000
[    0.000000] x86/PAT: Configuration [0-7]: WB  WC  UC- UC  WB  WC  UC- WT  
[    0.000000] found SMP MP-table at [mem 0x0009fbf0-0x0009fbff] mapped at [ffff88000009fbf0]
[    0.000000] Scanning 1 areas for low memory corruption
[    0.000000] RAMDISK: [mem 0x362dc000-0x37165fff]
[    0.000000] ACPI: Early table checksum verification disabled
[    0.000000] ACPI: RSDP 0x00000000000E0000 000024 (v02 VBOX  )
[    0.000000] ACPI: XSDT 0x000000007FFF0030 00003C (v01 VBOX   VBOXXSDT 00000001 ASL  00000061)
[    0.000000] ACPI: FACP 0x000000007FFF00F0 0000F4 (v04 VBOX   VBOXFACP 00000001 ASL  00000061)
[    0.000000] ACPI: DSDT 0x000000007FFF02F0 002353 (v02 VBOX   VBOXBIOS 00000002 VBOX 00029BF3)
[    0.000000] ACPI: FACS 0x000000007FFF0200 000040
[    0.000000] ACPI: FACS 0x000000007FFF0200 000040
[    0.000000] ACPI: APIC 0x000000007FFF0240 00005C (v02 VBOX   VBOXAPIC 00000001 ASL  00000061)
[    0.000000] ACPI: SSDT 0x000000007FFF02A0 000045 (v01 VBOX   VBOXCPUT 00000002 VBOX 00029BF3)
[    0.000000] No NUMA configuration found
[    0.000000] Faking a node at [mem 0x0000000000000000-0x000000007ffeffff]
[    0.000000] NODE_DATA(0) allocated [mem 0x7ffeb000-0x7ffeffff]
[    0.000000] kvm-clock: Using msrs 4b564d01 and 4b564d00
[    0.000000] kvm-clock: cpu 0, msr 0:7ffe3001, primary cpu clock
[    0.000000] kvm-clock: using sched offset of 2948926557 cycles
[    0.000000] clocksource: kvm-clock: mask: 0xffffffffffffffff max_cycles: 0x1cd42e4dffb, max_idle_ns: 881590591483 ns
[    0.000000] Zone ranges:
[    0.000000]   DMA      [mem 0x0000000000001000-0x0000000000ffffff]
[    0.000000]   DMA32    [mem 0x0000000001000000-0x000000007ffeffff]
[    0.000000]   Normal   empty
[    0.000000]   Device   empty
[    0.000000] Movable zone start for each node
[    0.000000] Early memory node ranges
[    0.000000]   node   0: [mem 0x0000000000001000-0x000000000009efff]
[    0.000000]   node   0: [mem 0x0000000000100000-0x000000007ffeffff]
[    0.000000] Initmem setup node 0 [mem 0x0000000000001000-0x000000007ffeffff]
[    0.000000] ACPI: PM-Timer IO Port: 0x4008
[    0.000000] IOAPIC[0]: apic_id 2, version 32, address 0xfec00000, GSI 0-23
[    0.000000] ACPI: INT_SRC_OVR (bus 0 bus_irq 0 global_irq 2 dfl dfl)
[    0.000000] ACPI: INT_SRC_OVR (bus 0 bus_irq 9 global_irq 9 low level)
[    0.000000] Using ACPI (MADT) for SMP configuration information
[    0.000000] smpboot: Allowing 2 CPUs, 0 hotplug CPUs
[    0.000000] PM: Registered nosave memory: [mem 0x00000000-0x00000fff]
[    0.000000] PM: Registered nosave memory: [mem 0x0009f000-0x0009ffff]
[    0.000000] PM: Registered nosave memory: [mem 0x000a0000-0x000effff]
[    0.000000] PM: Registered nosave memory: [mem 0x000f0000-0x000fffff]
[    0.000000] e820: [mem 0x80000000-0xfebfffff] available for PCI devices
[    0.000000] Booting paravirtualized kernel on KVM
[    0.000000] clocksource: refined-jiffies: mask: 0xffffffff max_cycles: 0xffffffff, max_idle_ns: 7645519600211568 ns
[    0.000000] setup_percpu: NR_CPUS:512 nr_cpumask_bits:512 nr_cpu_ids:2 nr_node_ids:1
[    0.000000] PERCPU: Embedded 33 pages/cpu @ffff88007fc00000 s95192 r8192 d31784 u1048576
[    0.000000] Built 1 zonelists in Node order, mobility grouping on.  Total pages: 515960
[    0.000000] Policy zone: DMA32
[    0.000000] Kernel command line: BOOT_IMAGE=/boot/vmlinuz-4.4.0-210-generic root=LABEL=cloudimg-rootfs ro console=tty1 console=ttyS0
[    0.000000] PID hash table entries: 4096 (order: 3, 32768 bytes)
[    0.000000] Memory: 2029984K/2096696K available (8644K kernel code, 1332K rwdata, 4044K rodata, 1492K init, 1164K bss, 66712K reserved, 0K cma-reserved)
[    0.000000] SLUB: HWalign=64, Order=0-3, MinObjects=0, CPUs=2, Nodes=1
[    0.000000] Hierarchical RCU implementation.
[    0.000000] 	Build-time adjustment of leaf fanout to 64.
[    0.000000] 	RCU restricting CPUs from NR_CPUS=512 to nr_cpu_ids=2.
[    0.000000] RCU: Adjusting geometry for rcu_fanout_leaf=64, nr_cpu_ids=2
[    0.000000] NR_IRQS:33024 nr_irqs:440 16
[    0.000000] Console: colour VGA+ 80x25
[    0.000000] console [tty1] enabled
[    0.000000] console [ttyS0] enabled
[    0.000000] tsc: Detected 2112.002 MHz processor
[    0.122722] Calibrating delay loop (skipped) preset value.. 4224.00 BogoMIPS (lpj=8448008)
[    0.123953] pid_max: default: 32768 minimum: 301
[    0.124595] ACPI: Core revision 20150930
[    0.125905] ACPI: 2 ACPI AML tables successfully acquired and loaded
[    0.126917] Security Framework initialized
[    0.127508] Yama: becoming mindful.
[    0.128111] AppArmor: AppArmor initialized
[    0.130826] Dentry cache hash table entries: 262144 (order: 9, 2097152 bytes)
[    0.132030] Inode-cache hash table entries: 131072 (order: 8, 1048576 bytes)
[    0.133061] Mount-cache hash table entries: 4096 (order: 3, 32768 bytes)
[    0.133970] Mountpoint-cache hash table entries: 4096 (order: 3, 32768 bytes)
[    0.136895] Initializing cgroup subsys io
[    0.137511] Initializing cgroup subsys memory
[    0.138168] Initializing cgroup subsys devices
[    0.138822] Initializing cgroup subsys freezer
[    0.139470] Initializing cgroup subsys net_cls
[    0.140076] Initializing cgroup subsys perf_event
[    0.140753] Initializing cgroup subsys net_prio
[    0.141418] Initializing cgroup subsys hugetlb
[    0.142056] Initializing cgroup subsys pids
[    0.152772] mce: CPU supports 0 MCE banks
[    0.153621] Last level iTLB entries: 4KB 64, 2MB 8, 4MB 8
[    0.154620] Last level dTLB entries: 4KB 64, 2MB 0, 4MB 0, 1GB 4
[    0.155667] Spectre V1 : Mitigation: usercopy/swapgs barriers and __user pointer sanitization
[    0.157693] Spectre V2 : Mitigation: Full generic retpoline
[    0.158672] Spectre V2 : Spectre v2 / SpectreRSB mitigation: Filling RSB on context switch
[    0.160395] Speculative Store Bypass: Vulnerable
[    0.161036] TAA: Mitigation: TSX disabled
[    0.161614] SRBDS: Mitigation: TSX disabled
[    0.164134] Freeing SMP alternatives memory: 36K
[    0.169024] ftrace: allocating 32380 entries in 127 pages
[    0.211993] smpboot: APIC(0) Converting physical 0 to logical package 0
[    0.213353] smpboot: Max logical packages: 1
[    0.214806] x2apic enabled
[    0.215807] Switched APIC routing to physical x2apic.
[    0.217652] ..TIMER: vector=0x30 apic1=0 pin1=2 apic2=-1 pin2=-1
[    0.326818] smpboot: CPU0: Intel(R) Core(TM) i7-8665U CPU @ 1.90GHz (family: 0x6, model: 0x8e, stepping: 0xc)
[    0.328938] Performance Events: unsupported p6 CPU model 142 no PMU driver, software events only.
[    0.338308] KVM setup paravirtual spinlock
[    0.339898] x86: Booting SMP configuration:
[    0.340596] .... node  #0, CPUs:      #1
[    0.341561] kvm-clock: cpu 1, msr 0:7ffe3041, secondary cpu clock
[    0.354572] mce: CPU supports 0 MCE banks
[    0.357264] x86: Booted up 1 node, 2 CPUs
[    0.358162] smpboot: Total of 2 processors activated (8448.00 BogoMIPS)
[    0.359823] devtmpfs: initialized
[    0.361902] evm: security.selinux
[    0.362734] evm: security.SMACK64
[    0.363669] evm: security.SMACK64EXEC
[    0.364534] evm: security.SMACK64TRANSMUTE
[    0.365148] evm: security.SMACK64MMAP
[    0.365730] evm: security.ima
[    0.366236] evm: security.capability
[    0.367036] clocksource: jiffies: mask: 0xffffffff max_cycles: 0xffffffff, max_idle_ns: 7645041785100000 ns
[    0.368364] futex hash table entries: 512 (order: 3, 32768 bytes)
[    0.369389] pinctrl core: initialized pinctrl subsystem
[    0.370251] RTC time: 11:55:00, date: 01/12/26
[    0.371252] NET: Registered protocol family 16
[    0.384898] cpuidle: using governor ladder
[    0.396570] cpuidle: using governor menu
[    0.397468] PCCT header not found.
[    0.398144] ACPI: bus type PCI registered
[    0.399092] acpiphp: ACPI Hot Plug PCI Controller Driver version: 0.5
[    0.400296] PCI: Using configuration type 1 for base access
[    0.413736] ACPI: Added _OSI(Module Device)
[    0.414434] ACPI: Added _OSI(Processor Device)
[    0.415135] ACPI: Added _OSI(3.0 _SCP Extensions)
[    0.415779] ACPI: Added _OSI(Processor Aggregator Device)
[    0.417067] ACPI: Executed 1 blocks of module-level executable AML code
[    0.421350] ACPI: Interpreter enabled
[    0.421940] ACPI: (supports S0 S5)
[    0.422599] ACPI: Using IOAPIC for interrupt routing
[    0.423553] PCI: Using host bridge windows from ACPI; if necessary, use "pci=nocrs" and report a bug
[    0.427575] ACPI: PCI Root Bridge [PCI0] (domain 0000 [bus 00-ff])
[    0.428669] acpi PNP0A03:00: _OSC: OS supports [ASPM ClockPM Segments MSI]
[    0.430177] acpi PNP0A03:00: _OSC: not requesting OS control; OS requires [ExtendedConfig ASPM ClockPM MSI]
[    0.432239] acpi PNP0A03:00: fail to add MMCONFIG information, can't access extended PCI configuration space under this bridge.
[    0.434157] PCI host bridge to bus 0000:00
[    0.434767] pci_bus 0000:00: root bus resource [io  0x0000-0x0cf7 window]
[    0.435735] pci_bus 0000:00: root bus resource [io  0x0d00-0xffff window]
[    0.436637] pci_bus 0000:00: root bus resource [mem 0x000a0000-0x000bffff window]
[    0.437770] pci_bus 0000:00: root bus resource [mem 0x80000000-0xfdffffff window]
[    0.438914] pci_bus 0000:00: root bus resource [bus 00-ff]
[    0.440926] pci 0000:00:01.1: legacy IDE quirk: reg 0x10: [io  0x01f0-0x01f7]
[    0.441878] pci 0000:00:01.1: legacy IDE quirk: reg 0x14: [io  0x03f6]
[    0.442759] pci 0000:00:01.1: legacy IDE quirk: reg 0x18: [io  0x0170-0x0177]
[    0.443819] pci 0000:00:01.1: legacy IDE quirk: reg 0x1c: [io  0x0376]
[    0.460009] pci 0000:00:07.0: quirk: [io  0x4000-0x403f] claimed by PIIX4 ACPI
[    0.468146] pci 0000:00:07.0: quirk: [io  0x4100-0x410f] claimed by PIIX4 SMB
[    0.479246] ACPI: PCI Interrupt Link [LNKA] (IRQs 5 9 10 *11)
[    0.480884] ACPI: PCI Interrupt Link [LNKB] (IRQs 5 9 *10 11)
[    0.482056] ACPI: PCI Interrupt Link [LNKC] (IRQs 5 *9 10 11)
[    0.483255] ACPI: PCI Interrupt Link [LNKD] (IRQs 5 9 10 *11)
[    0.484372] ACPI: Enabled 2 GPEs in block 00 to 07
[    0.485347] vgaarb: setting as boot device: PCI:0000:00:02.0
[    0.486172] vgaarb: device added: PCI:0000:00:02.0,decodes=io+mem,owns=io+mem,locks=none
[    0.487346] vgaarb: loaded
[    0.487803] vgaarb: bridge control possible 0000:00:02.0
[    0.488680] SCSI subsystem initialized
[    0.489581] ACPI: bus type USB registered
[    0.490239] usbcore: registered new interface driver usbfs
[    0.491079] usbcore: registered new interface driver hub
[    0.491845] usbcore: registered new device driver usb
[    0.492978] PCI: Using ACPI for IRQ routing
[    0.494480] NetLabel: Initializing
[    0.495535] NetLabel:  domain hash size = 128
[    0.496916] NetLabel:  protocols = UNLABELED CIPSOv4
[    0.497759] NetLabel:  unlabeled traffic allowed by default
[    0.498834] amd_nb: Cannot enumerate AMD northbridges
[    0.499744] clocksource: Switched to clocksource kvm-clock
[    0.508450] AppArmor: AppArmor Filesystem Enabled
[    0.509414] pnp: PnP ACPI init
[    0.510638] pnp: PnP ACPI: found 3 devices
[    0.520860] clocksource: acpi_pm: mask: 0xffffff max_cycles: 0xffffff, max_idle_ns: 2085701024 ns
[    0.522609] NET: Registered protocol family 2
[    0.523444] TCP established hash table entries: 16384 (order: 5, 131072 bytes)
[    0.525553] TCP bind hash table entries: 16384 (order: 6, 262144 bytes)
[    0.528009] TCP: Hash tables configured (established 16384 bind 16384)
[    0.529731] UDP hash table entries: 1024 (order: 3, 32768 bytes)
[    0.530955] UDP-Lite hash table entries: 1024 (order: 3, 32768 bytes)
[    0.532319] NET: Registered protocol family 1
[    0.533090] pci 0000:00:00.0: Limiting direct PCI/PCI transfers
[    0.533986] pci 0000:00:01.0: Activating ISA DMA hang workarounds
[    0.535089] Unpacking initramfs...
[    0.732057] Freeing initrd memory: 14888K
[    0.733013] clocksource: tsc: mask: 0xffffffffffffffff max_cycles: 0x1e717a67afe, max_idle_ns: 440795258295 ns
[    0.734741] platform rtc_cmos: registered platform RTC device (no PNP device found)
[    0.736394] Scanning for low memory corruption every 60 seconds
[    0.738145] audit: initializing netlink subsys (disabled)
[    0.739410] audit: type=2000 audit(1768218904.949:1): initialized
[    0.740509] Initialise system trusted keyring
[    0.741428] HugeTLB registered 2 MB page size, pre-allocated 0 pages
[    0.743143] zbud: loaded
[    0.743944] VFS: Disk quotas dquot_6.6.0
[    0.744534] VFS: Dquot-cache hash table entries: 512 (order 0, 4096 bytes)
[    0.745569] squashfs: version 4.0 (2009/01/31) Phillip Lougher
[    0.746693] fuse init (API version 7.23)
[    0.747436] Key type big_key registered
[    0.748136] Allocating IMA MOK and blacklist keyrings.
[    0.749958] Key type asymmetric registered
[    0.750607] Asymmetric key parser 'x509' registered
[    0.751297] Block layer SCSI generic (bsg) driver version 0.4 loaded (major 249)
[    0.752632] io scheduler noop registered
[    0.753225] io scheduler deadline registered (default)
[    0.754121] io scheduler cfq registered
[    0.754801] pci_hotplug: PCI Hot Plug PCI Core version: 0.5
[    0.755583] pciehp: PCI Express Hot Plug Controller Driver version: 0.4
[    0.756623] ACPI: AC Adapter [AC] (on-line)
[    0.757320] input: Power Button as /devices/LNXSYSTM:00/LNXPWRBN:00/input/input0
[    0.758419] ACPI: Power Button [PWRF]
[    0.759008] input: Sleep Button as /devices/LNXSYSTM:00/LNXSLPBN:00/input/input1
[    0.760332] ACPI: Sleep Button [SLPF]
[    0.761122] GHES: HEST is not enabled!
[    0.761639] ACPI: Battery Slot [BAT0] (battery present)
[    0.762717] Serial: 8250/16550 driver, 32 ports, IRQ sharing enabled
[    0.784064] 00:02: ttyS0 at I/O 0x3f8 (irq = 4, base_baud = 115200) is a 16550A
[    0.788473] Linux agpgart interface v0.103
[    0.790817] loop: module loaded
[    0.792161] scsi host0: ata_piix
[    0.793213] scsi host1: ata_piix
[    0.794424] ata1: PATA max UDMA/33 cmd 0x1f0 ctl 0x3f6 bmdma 0xd000 irq 14
[    0.796392] ata2: PATA max UDMA/33 cmd 0x170 ctl 0x376 bmdma 0xd008 irq 15
[    0.797598] libphy: Fixed MDIO Bus: probed
[    0.798246] tun: Universal TUN/TAP device driver, 1.6
[    0.798931] tun: (C) 1999-2004 Max Krasnyansky <maxk@qualcomm.com>
[    0.799858] PPP generic driver version 2.4.2
[    0.800673] ehci_hcd: USB 2.0 'Enhanced' Host Controller (EHCI) Driver
[    0.801557] ehci-pci: EHCI PCI platform driver
[    0.802215] ehci-platform: EHCI generic platform driver
[    0.802912] ohci_hcd: USB 1.1 'Open' Host Controller (OHCI) Driver
[    0.803782] ohci-pci: OHCI PCI platform driver
[    0.804514] ohci-platform: OHCI generic platform driver
[    0.805271] uhci_hcd: USB Universal Host Controller Interface driver
[    0.806130] i8042: PNP: PS/2 Controller [PNP0303:PS2K,PNP0f03:PS2M] at 0x60,0x64 irq 1,12
[    0.807660] serio: i8042 KBD port at 0x60,0x64 irq 1
[    0.808497] serio: i8042 AUX port at 0x60,0x64 irq 12
[    0.809529] mousedev: PS/2 mouse device common for all mice
[    0.810708] input: AT Translated Set 2 keyboard as /devices/platform/i8042/serio0/input/input2
[    0.812441] rtc_cmos rtc_cmos: rtc core: registered rtc_cmos as rtc0
[    0.813392] rtc_cmos rtc_cmos: alarms up to one day, 114 bytes nvram
[    0.814290] i2c /dev entries driver
[    0.814851] device-mapper: uevent: version 1.0.3
[    0.815589] device-mapper: ioctl: 4.34.0-ioctl (2015-10-28) initialised: dm-devel@redhat.com
[    0.816954] ledtrig-cpu: registered to indicate activity on CPUs
[    0.818062] NET: Registered protocol family 10
[    0.818856] NET: Registered protocol family 17
[    0.819516] Key type dns_resolver registered
[    0.820720] registered taskstats version 1
[    0.821337] Loading compiled-in X.509 certificates
[    0.822468] Loaded X.509 cert 'Build time autogenerated kernel key: cf00e047681d67edb2720680708b7d9498083038'
[    0.823882] zswap: loaded using pool lzo/zbud
[    0.825953] Key type trusted registered
[    0.828408] Key type encrypted registered
[    0.829005] AppArmor: AppArmor sha1 policy hashing enabled
[    0.829767] ima: No TPM chip found, activating TPM-bypass!
[    0.830491] ima: Allocated hash algorithm: sha1
[    0.831120] evm: HMAC attrs: 0x1
[    0.831971]   Magic number: 10:925:933
[    0.832819] rtc_cmos rtc_cmos: setting system clock to 2026-01-12 11:55:00 UTC (1768218900)
[    0.834176] BIOS EDD facility v0.16 2004-Jun-25, 0 devices found
[    0.835055] EDD information not available.
[    0.975471] Freeing unused kernel memory: 1492K
[    0.976383] Write protecting the kernel read-only data: 14336k
[    0.977865] Freeing unused kernel memory: 1584K
[    0.978899] Freeing unused kernel memory: 52K
Loading, please wait...
starting version 229
[    0.989602] random: systemd-udevd: uninitialized urandom read (16 bytes read, 3 bits of entropy available)
[    0.990017] random: udevadm: uninitialized urandom read (16 bytes read, 3 bits of entropy available)
[    0.990048] random: udevadm: uninitialized urandom read (16 bytes read, 3 bits of entropy available)
[    0.995588] random: udevadm: uninitialized urandom read (16 bytes read, 3 bits of entropy available)
[    0.995638] random: udevadm: uninitialized urandom read (16 bytes read, 3 bits of entropy available)
[    0.995751] random: udevadm: uninitialized urandom read (16 bytes read, 3 bits of entropy available)
[    0.995830] random: udevadm: uninitialized urandom read (16 bytes read, 3 bits of entropy available)
[    0.995883] random: udevadm: uninitialized urandom read (16 bytes read, 3 bits of entropy available)
[    0.995918] random: udevadm: uninitialized urandom read (16 bytes read, 3 bits of entropy available)
[    0.995952] random: udevadm: uninitialized urandom read (16 bytes read, 3 bits of entropy available)
[    1.035920] e1000: Intel(R) PRO/1000 Network Driver - version 7.3.21-k8-NAPI
[    1.037579] e1000: Copyright (c) 1999-2006 Intel Corporation.
[    1.038730] Fusion MPT base driver 3.04.20
[    1.039769] Copyright (c) 1999-2008 LSI Corporation
[    1.047109] Fusion MPT SPI Host driver 3.04.20
[    1.059197] AVX2 version of gcm_enc/dec engaged.
[    1.060509] AES CTR mode by8 optimization enabled
[    1.246876] input: ImExPS/2 Generic Explorer Mouse as /devices/platform/i8042/serio1/input/input4
[    1.391314] e1000 0000:00:03.0 eth0: (PCI:33MHz:32-bit) 02:be:82:6b:cc:1d
[    1.392862] e1000 0000:00:03.0 eth0: Intel(R) PRO/1000 Network Connection
[    1.395111] mptbase: ioc0: Initiating bringup
[    1.464724] ioc0: LSI53C1030 A0: Capabilities={Initiator}
[    1.628344] scsi host2: ioc0: LSI53C1030 A0, FwRev=00000000h, Ports=1, MaxQ=256, IRQ=20
[    1.740879] scsi 2:0:0:0: Direct-Access     VBOX     HARDDISK         1.0  PQ: 0 ANSI: 5
[    1.742443] scsi target2:0:0: Beginning Domain Validation
[    1.745338] scsi target2:0:0: Domain Validation skipping write tests
[    1.746606] scsi target2:0:0: Ending Domain Validation
[    1.747436] scsi target2:0:0: asynchronous
[    1.749009] scsi 2:0:1:0: Direct-Access     VBOX     HARDDISK         1.0  PQ: 0 ANSI: 5
[    1.750158] scsi target2:0:1: Beginning Domain Validation
[    1.752270] scsi target2:0:1: Domain Validation skipping write tests
[    1.753208] scsi target2:0:1: Ending Domain Validation
[    1.754032] scsi target2:0:1: asynchronous
[    1.762010] sd 2:0:0:0: Attached scsi generic sg0 type 0
[    1.762945] sd 2:0:0:0: [sda] 83886080 512-byte logical blocks: (42.9 GB/40.0 GiB)
[    1.772177] sd 2:0:0:0: [sda] Write Protect is off
[    1.784552] sd 2:0:1:0: Attached scsi generic sg1 type 0
[    1.785866] sd 2:0:1:0: [sdb] 20480 512-byte logical blocks: (10.5 MB/10.0 MiB)
[    1.787477] sd 2:0:0:0: [sda] Write cache: enabled, read cache: enabled, supports DPO and FUA
[    1.790152] sd 2:0:1:0: [sdb] Write Protect is off
[    1.791605] sd 2:0:1:0: [sdb] Write cache: enabled, read cache: enabled, supports DPO and FUA
[    1.795898]  sda: sda1
[    1.798017] sd 2:0:0:0: [sda] Attached SCSI disk
[    1.799251] sd 2:0:1:0: [sdb] Attached SCSI disk
[    2.087191] e1000 0000:00:08.0 eth1: (PCI:33MHz:32-bit) 08:00:27:b7:a0:4a
[    2.088571] e1000 0000:00:08.0 eth1: Intel(R) PRO/1000 Network Connection
[    2.090424] e1000 0000:00:03.0 enp0s3: renamed from eth0
[    2.100203] e1000 0000:00:08.0 enp0s8: renamed from eth1
Begin: Loading essential drivers ... [    3.341757] md: linear personality registered for level -1
[    3.345560] md: multipath personality registered for level -4
[    3.348268] md: raid0 personality registered for level 0
[    3.351500] md: raid1 personality registered for level 1
[    3.419789] raid6: sse2x1   gen() 11297 MB/s
[    3.487824] raid6: sse2x1   xor()  7565 MB/s
[    3.555802] raid6: sse2x2   gen() 15343 MB/s
[    3.623786] raid6: sse2x2   xor() 10656 MB/s
[    3.691802] raid6: sse2x4   gen() 17434 MB/s
[    3.759773] raid6: sse2x4   xor() 11049 MB/s
[    3.827769] raid6: avx2x1   gen() 22666 MB/s
[    3.895835] raid6: avx2x2   gen() 28023 MB/s
[    3.963792] raid6: avx2x4   gen() 34541 MB/s
[    3.964798] raid6: using algorithm avx2x4 gen() 34541 MB/s
[    3.965882] raid6: using avx2x2 recovery algorithm
[    3.967978] xor: automatically using best checksumming function:
[    4.007779]    avx       : 28129.000 MB/sec
[    4.009531] async_tx: api initialized (async)
[    4.017321] md: raid6 personality registered for level 6
[    4.018548] md: raid5 personality registered for level 5
[    4.019677] md: raid4 personality registered for level 4
[    4.025076] md: raid10 personality registered for level 10
done.
Begin: Running /scripts/init-premount ... done.
Begin: Mounting root file system ... Begin: Running /scripts/local-top ... done.
Begin: Running /scripts/local-premount ... [    4.047096] Btrfs loaded
Scanning for Btrfs filesystems
done.
Warning: fsck not present, so skipping root file system
[    4.087777] EXT4-fs (sda1): mounted filesystem with ordered data mode. Opts: (null)
done.
Begin: Running /scripts/local-bottom ... done.
Begin: Running /scripts/init-bottom ... done.
[    4.156049] systemd[1]: systemd 229 running in system mode. (+PAM +AUDIT +SELINUX +IMA +APPARMOR +SMACK +SYSVINIT +UTMP +LIBCRYPTSETUP +GCRYPT +GNUTLS +ACL +XZ -LZ4 +SECCOMP +BLKID +ELFUTILS +KMOD -IDN)
[    4.158631] systemd[1]: Detected virtualization oracle.
[    4.159416] systemd[1]: Detected architecture x86-64.

Welcome to [1mUbuntu 16.04.7 LTS[0m!

[    4.162567] systemd[1]: Set hostname to <ubuntu>.
[    4.164846] systemd[1]: Initializing machine ID from random generator.
[    4.165754] systemd[1]: Installed transient /etc/machine-id file.
[    4.260809] systemd[1]: Listening on Journal Socket (/dev/log).
[[0;32m  OK  [0m] Listening on Journal Socket (/dev/log).
[    4.262393] systemd[1]: Reached target Encrypted Volumes.
[[0;32m  OK  [0m] Reached target Encrypted Volumes.
[    4.263888] systemd[1]: Listening on Journal Audit Socket.
[[0;32m  OK  [0m] Listening on Journal Audit Socket.
[    4.265428] systemd[1]: Reached target System Time Synchronized.
[[0;32m  OK  [0m] Reached target System Time Synchronized.
[    4.267027] systemd[1]: Listening on LVM2 poll daemon socket.
[[0;32m  OK  [0m] Listening on LVM2 poll daemon socket.
[    4.268759] systemd[1]: Started Forward Password Requests to Wall Directory Watch.
[[0;32m  OK  [0m] Started Forward Password Requests to Wall Directory Watch.
[    4.270799] systemd[1]: Listening on udev Kernel Socket.
[[0;32m  OK  [0m] Listening on udev Kernel Socket.
[    4.272472] systemd[1]: Created slice User and Session Slice.
[[0;32m  OK  [0m] Created slice User and Session Slice.
[    4.274019] systemd[1]: Listening on Journal Socket.
[[0;32m  OK  [0m] Listening on Journal Socket.
[    4.275671] systemd[1]: Listening on Syslog Socket.
[[0;32m  OK  [0m] Listening on Syslog Socket.
[    4.277259] systemd[1]: Created slice System Slice.
[[0;32m  OK  [0m] Created slice System Slice.
[    4.292770] systemd[1]: Mounting POSIX Message Queue File System...
         Mounting POSIX Message Queue File System...
[    4.295810] systemd[1]: Starting Create list of required static device nodes for the current kernel...
         Starting Create list of required st... nodes for the current kernel...
[    4.299837] systemd[1]: Starting Uncomplicated firewall...
         Starting Uncomplicated firewall...
[    4.303996] systemd[1]: Starting Load Kernel Modules...
         Starting Load Kernel Modules...
[    4.305965] systemd[1]: Starting Nameserver information manager...
         Starting Nameserver information manager...
[    4.312471] Loading iSCSI transport class v2.0-870.
[    4.317113] iscsi: registered transport (tcp)
[    4.323938] systemd[1]: Mounting Debug File System...
         Mounting Debug File System...
[    4.332172] systemd[1]: Reached target Slices.
[[0;32m  OK  [0m] Reached target Slices.
[    4.333635] systemd[1]: Listening on /dev/initctl Compatibility Named Pipe.
[[0;32m  OK  [0m] Listening on /dev/initctl Compatibility Named Pipe.
[    4.336553] systemd[1]: Mounting Huge Pages File System...
         Mounting Huge Pages File System...
[    4.339013] iscsi: registered transport (iser)
[    4.339895] systemd[1]: Listening on fsck to fsckd communication Socket.
[[0;32m  OK  [0m] Listening on fsck to fsckd communication Socket.
[    4.341970] systemd[1]: Reached target User and Group Name Lookups.
[[0;32m  OK  [0m] Reached target User and Group Name Lookups.
[    4.344096] systemd[1]: Set up automount Arbitrary Executable File Formats File System Automount Point.
[[0;32m  OK  [0m] Set up automount Arbitrary Executab...ats File System Automount Point.
[    4.346868] systemd[1]: Starting Set console keymap...
         Starting Set console keymap...
[    4.348286] systemd[1]: Listening on LVM2 metadata daemon socket.
[[0;32m  OK  [0m] Listening on LVM2 metadata daemon socket.
[    4.350582] systemd[1]: Starting Journal Service...
         Starting Journal Service...
[    4.352916] systemd[1]: Created slice system-serial\x2dgetty.slice.
[[0;32m  OK  [0m] Created slice system-serial\x2dgetty.slice.
[    4.356323] systemd[1]: Starting File System Check on Root Device...
         Starting File System Check on Root Device...
[    4.367881] systemd[1]: Reached target Swap.
[[0;32m  OK  [0m] Reached target Swap.
[    4.369428] systemd[1]: Started Trigger resolvconf update for networkd DNS.
[[0;32m  OK  [0m] Started Trigger resolvconf update for networkd DNS.
[    4.371913] systemd[1]: Listening on Device-mapper event daemon FIFOs.
[[0;32m  OK  [0m] Listening on Device-mapper event daemon FIFOs.
[    4.374359] systemd[1]: Starting Monitoring of LVM2 mirrors, snapshots etc. using dmeventd or progress polling...
         Starting Monitoring of LVM2 mirrors... dmeventd or progress polling...
[    4.377545] systemd[1]: Listening on udev Control Socket.
[[0;32m  OK  [0m] Listening on udev Control Socket.
[    4.381367] systemd[1]: Mounted Huge Pages File System.
[[0;32m  OK  [0m] Mounted Huge Pages File System.
[    4.385578] systemd[1]: Mounted POSIX Message Queue File System.
[[0;32m  OK  [0m] Mounted POSIX Message Queue File System.
[    4.387600] systemd[1]: Mounted Debug File System.
[[0;32m  OK  [0m] Mounted Debug File System.
[    4.389243] systemd[1]: Started Journal Service.
[[0;32m  OK  [0m] Started Journal Service.
[[0;32m  OK  [0m] Started Create list of required sta...ce nodes for the current kernel.
[[0;32m  OK  [0m] Started Uncomplicated firewall.
[[0;32m  OK  [0m] Started Load Kernel Modules.
[[0;32m  OK  [0m] Started File System Check on Root Device.
[[0;32m  OK  [0m] Started Nameserver information manager.
[[0;32m  OK  [0m] Started LVM2 metadata daemon.
[[0;32m  OK  [0m] Started File System Check Daemon to report status.
         Starting Remount Root and Kernel File Systems...
[    4.404662] EXT4-fs (sda1): re-mounted. Opts: (null)
         Mounting FUSE Control File System...
         Starting Apply Kernel Variables...
         Starting Create Static Device Nodes in /dev...
[[0;32m  OK  [0m] Started Remount Root and Kernel File Systems.
[[0;32m  OK  [0m] Mounted FUSE Control File System.
         Starting udev Coldplug all Devices...
         Starting Load/Save Random Seed...
         Starting Flush Journal to Persistent Storage...
[[0;32m  OK  [0m] Started Load/Save Random Seed.
[[0;32m  OK  [0m] Started Set console keymap.
[[0;32m  OK  [0m] Started Apply Kernel Variables.
[[0;32m  OK  [0m] Started Create Static Device Nodes in /dev.
         Starting udev Kernel Device Manager...
[[0;32m  OK  [0m] Started Flush Journal to Persistent Storage.
[[0;32m  OK  [0m] Started udev Kernel Device Manager.
[[0;32m  OK  [0m] Started Monitoring of LVM2 mirrors,...ng dmeventd or progress polling.
[[0;32m  OK  [0m] Reached target Local File Systems (Pre).
[[0;32m  OK  [0m] Reached target Local File Systems.
         Starting Initial cloud-init job (pre-networking)...
         Starting Set console font and keymap...
         Starting Tell Plymouth To Write Out Runtime Data...
         Starting Create Volatile Files and Directories...
         Starting LSB: AppArmor initialization...
         Starting Commit a transient machine-id on disk...
[[0;32m  OK  [0m] Started Create Volatile Files and Directories.
         Starting Update UTMP about System Boot/Shutdown...
[[0;32m  OK  [0m] Started Tell Plymouth To Write Out Runtime Data.
[[0;32m  OK  [0m] Started Update UTMP about System Boot/Shutdown.
[[0;32m  OK  [0m] Started udev Coldplug all Devices.
[[0;32m  OK  [0m] Started Dispatch Password Requests to Console Directory Watch.
[[0;32m  OK  [0m] Started Commit a transient machine-id on disk.
[[0;32m  OK  [0m] Found device /dev/ttyS0.
[[0;32m  OK  [0m] Listening on Load/Save RF Kill Switch Status /dev/rfkill Watch.
[    5.293699] cloud-init[483]: Cloud-init v. 21.1-19-gbad84ad4-0ubuntu1~16.04.2 running 'init-local' at Mon, 12 Jan 2026 11:55:04 +0000. Up 5.06 seconds.
[[0;32m  OK  [0m] Started Initial cloud-init job (pre-networking).
[[0;32m  OK  [0m] Reached target Network (Pre).
[[0;32m  OK  [0m] Started LSB: AppArmor initialization.
[[0;32m  OK  [0m] Started Set console font and keymap.
[[0;32m  OK  [0m] Created slice system-getty.slice.
         Starting Load AppArmor profiles managed internally by snapd...
         Starting Raise network interfaces...
[[0;32m  OK  [0m] Started Load AppArmor profiles managed internally by snapd.
[[0;32m  OK  [0m] Started Raise network interfaces.
[[0;32m  OK  [0m] Reached target Network.
         Starting Initial cloud-init job (metadata service crawler)...
[    6.349219] cloud-init[970]: Cloud-init v. 21.1-19-gbad84ad4-0ubuntu1~16.04.2 running 'init' at Mon, 12 Jan 2026 11:55:05 +0000. Up 5.92 seconds.
[    6.356358] cloud-init[970]: ci-info: ++++++++++++++++++++++++++++++++++++++Net device info+++++++++++++++++++++++++++++++++++++++
[    6.364328] cloud-init[970]: ci-info: +--------+-------+----------------------------+---------------+--------+-------------------+
[    6.372358] cloud-init[970]: ci-info: | Device |   Up  |          Address           |      Mask     | Scope  |     Hw-Address    |
[    6.381137] [[0;32m  OK  [0m] Started Initial cloud-init job (metadata service crawler).
cloud-init[970]: ci-info: +--------+-------+----------------------------+---------------+--------+-------------------+
[    6.388834] [[0;32m  OK  [0m] Reached target Cloud-config availability.
[cloud-init[0;32m  OK  [0m] [970]: Reached target Network is Online.ci-info: | enp0s3 |  True |         10.0.2.15          | 255.255.255.0 | global | 02:be:82:6b:cc:1d |

[    6.396543] cloud-init[970]: ci-info: | enp0s3 |  True | fe80::be:82ff:fe6b:cc1d/64 |       .       |  link  | 02:be:82:6b:cc:1d |
[    6.408226]          Starting iSCSI initiator daemon (iscsid)...
cloud-init[970]: ci-info: | enp0s8 | False |             .              |       .       |   .    | 08:00:27:b7:a0:4a |
[[0;32m  OK  [0m] Reached target System Initialization.
[    6.408534] cloud-init[970]: ci-info: |   lo   |  True |         127.0.0.1          |   255.0.0.0   |  host  |         .         |
[    6.424816] [[0;32m  OK  [0m] Started ACPI Events Check.
[cloud-init[0;32m  OK  [0m[970]: ] ci-info: |   lo   |  True |          ::1/128           |       .       |  host  |         .         |Reached target Paths.

[    6.426157] [[0;32m  OK  [0m] Listening on UUID daemon activation socket.
[[0;32m  OK  [0m] Listening on ACPID Listen Socket.
[[0;32m  OK  [0m] Started Daily Cleanup of Temporary Directories.
[[0;32m  OK  [0m] Started Message of the Day.
[[0;32m  OK  [0m] Listening on D-Bus System Message Bus Socket.
         Starting Socket activation for snappy daemon.
[[0;32m  OK  [0m] Started Ubuntu Advantage update messaging.
         Starting LXD - unix socket.
[[0;32m  OK  [0m] Started Daily apt download activities.
[[0;32m  OK  [0m] Started Daily apt upgrade and clean activities.
[[0;32m  OK  [0m] Reached target Timers.
cloud-init[970]: ci-info: +--------+-------+----------------------------+---------------+--------+-------------------+
[    6.432282] cloud-init[970]: ci-info: +++++++++++++++++++++++++++Route IPv4 info++++++++++++++++++++++++++++
[    6.433552] cloud-init[970]: ci-info: +-------+-------------+----------+---------------+-----------+-------+
[    6.435092] cloud-init[970]: ci-info: | Route | Destination | Gateway  |    Genmask    | Interface | Flags |
[    6.436452] cloud-init[970]: ci-info: +-------+-------------+----------+---------------+-----------+-------+
[    6.437539] cloud-init[970]: ci-info: |   0   |   0.0.0.0   | 10.0.2.2 |    0.0.0.0    |   enp0s3  |   UG  |
[    6.438578] cloud-init[970]: ci-info: |   1   |   10.0.2.0  | 0.0.0.0  | 255.255.255.0 |   enp0s3  |   U   |
[    6.439652] cloud-init[970]: ci-info: +-------+-------------+----------+---------------+-----------+-------+[[0;32m  OK  [0m] Listening on Socket activation for snappy daemon.
[[0;32m  OK  [0m] Listening on LXD - unix socket.
[[0;32m  OK  [0m] Reached target Sockets.
[[0;32m  OK  [0m] Reached target Basic System.
         Starting Virtualbox guest utils...

[[0;32m  OK  [0m] Started ACPI event daemon.
         Starting LSB: MD monitoring daemon...
         Starting Accounts Service...
[[0;32m  OK  [0m] Started FUSE filesystem for LXC.
[[0;32m  OK  [0m] Started Deferred execution scheduler.
         Starting Pollinate to seed the pseudo random number generator...
         Starting LSB: Record successful boot for GRUB...
         Starting LXD - container startup/shutdown...
[[0;32m  OK  [0m] Started D-Bus System Message Bus.
[    6.458791] cloud-init[970]: ci-info: +++++++++++++++++++Route IPv6 info+++++++++++++++++++
[    6.459712] cloud-init[970]: ci-info: +-------+-------------+---------+-----------+-------+
[    6.460708] cloud-init[970]: ci-info: | Route | Destination | Gateway | Interface | Flags |
[    6.461531] cloud-init[970]: ci-info: +-------+-------------+---------+-----------+-------+
[    6.468949] cloud-init[970]: ci-info: |   0   |  fe80::/64  |    ::   |   enp0s3  |   U   |
[    6.470140] cloud-init[970]: ci-info: |   3   |   ff00::/8  |    ::   |   enp0s3  |   U   |
[    6.476684] cloud-init[970]: ci-info: +-------+-------------+---------+-----------+-------+
[    6.477904] cloud-init[970]: Generating public/private rsa key pair.
[    6.479137] cloud-init[970]: Your identification has been saved in /etc/ssh/ssh_host_rsa_key.
[    6.480549] cloud-init[970]: Your public key has been saved in /etc/ssh/ssh_host_rsa_key.pub.
[    6.482388] cloud-init[970]: The key fingerprint is:
[    6.483391] cloud-init[970]: SHA256:Wn037wTjVDrA/ZPnMmyaHlxgDmRbxE3kuwV56xiIXRo root@ubuntu-xenial
[    6.484965] cloud-init[970]: The key's randomart image is:
[    6.486686] cloud-init[970]: +---[RSA 2048]----+
[    6.488344] cloud-init[970]: |          ooo+o  |
[    6.489487] cloud-init[970]: |         o +.o.. |
[    6.490661] cloud-init[970]: |          oE=.= o|
[    6.492272] cloud-init[970]: |         .o+=o Bo|
[    6.494468] cloud-init[970]: |        S..+o.@++|
[    6.504263] cloud-init[970]: |       o   o *+Xo|
[    6.505572] cloud-init[970]: |      .     o.B.+|
[    6.518417]          cloud-initStarting Login Service...[970]: 
|             = = |
[    6.519437]          Starting /etc/rc.local Compatibility...
cloud-init[970]: [[0;32m  OK  [0m] Started Regular background program processing daemon.
         Starting System Logging Service...
         Starting Snap Daemon...
|           .+   .|
[[0;32m  OK  [0m] Started iSCSI initiator daemon (iscsid).
[    6.524062] [[0;32m  OK  [0m] Started /etc/rc.local Compatibility.
cloud-init[970]: +----[SHA256]-----+
[    6.528382] cloud-init[970]: Generating public/private dsa key pair.
[    6.529907] cloud-init[970]: Your identification has been saved in /etc/ssh/ssh_host_dsa_key.
[    6.532083] cloud-init[970]: Your public key has been saved in /etc/ssh/ssh_host_dsa_key.pub.
         Starting Authenticate and Authorize Users to Run Privileged Tasks...
         Starting Login to default iSCSI targets...
[    6.534447] cloud-init[970]: The key fingerprint is:
[[0;32m  OK  [0m] Started Login Service.
[    6.560426] [[0;32m  OK  [0m] Started LSB: Record successful boot for GRUB.
cloud-init[970]: SHA256:Lf8osnRgs2xjx725GgUcmeCToaz+QyaVsfVyq3FTuRs root@ubuntu-xenial
[[0;32m  OK  [0m] Started Unattended Upgrades Shutdown.
[[0;32m  OK  [0m] Started System Logging Service.
[[0;32m  OK  [0m] Started LSB: MD monitoring daemon.
[[0;32m  OK  [0m] Started Login to default iSCSI targets.
[[0;32m  OK  [0m] Started Authenticate and Authorize Users to Run Privileged Tasks.
[[0;32m  OK  [0m] Reached target Remote File Systems (Pre).
[[0;32m  OK  [0m] Reached target Remote File Systems.
[    6.595577]          Starting LSB: automatic crash report generation...
cloud-init[970]: The key's randomart image is:
[    6.601922]          Starting LSB: daemon to balance interrupts for SMP systems...
cloud-init[970]: +---[DSA 1024]----+
         Starting LSB: Set the CPU Frequency Scaling governor to "ondemand"...
         Starting Permit User Sessions...
[    6.615663] cloud-init[970]: |      o..o       |
[[0;32m  OK  [0m] Started Permit User Sessions.
[[0;32m  OK  [0m] Started Accounts Service.
[    6.629543] cloud-init[970]: |   ..o.+o.       |
[    6.642321] cloud-init         [970]: Starting Terminate Plymouth Boot Screen...|    o=+.o  .     |

[    6.644253]          Starting Hold until boot process finishes up...
cloud-init[970]: |   .+ ..ooo      |
[    6.645454] cloud-init[970]: |  ..  +oSoo.     |
[    6.646213] cloud-init[970]: | .. oo.=+=E      |
[    6.647008] cloud-init[970]: |  .+  B+=.oo     |[[0;32m  OK  [0m] Started Terminate Plymouth Boot Screen.

[[0;32m  OK  [0m] Started Hold until boot process finishes up.
[[0;32m  OK  [0m] Started Getty on tty1.
         Starting Set console scheme...
[[0;32m  OK  [0m] Started Serial Getty on ttyS0.
[[0;32m  OK  [0m] Reached target Login Prompts.
[    6.650556] cloud-init[970]: |   ..+o+...=     |
[    6.654203] cloud-init[970]: |    ...o.o=..    |
[    6.655134] cloud-init[970]: +----[SHA256]-----+
[    6.660166] [[0;32m  OK  [0m] Started Set console scheme.
cloud-init[970]: Generating public/private ecdsa key pair.
[    6.661366] cloud-init[970]: Your identification has been saved in /etc/ssh/ssh_host_ecdsa_key.[[0;32m  OK  [0m] Started LXD - container startup/shutdown.

[[0;32m  OK  [0m] Started LSB: Set the CPU Frequency Scaling governor to "ondemand".
[[0;32m  OK  [0m] Started LSB: automatic crash report generation.
[[0;32m  OK  [0m] Started LSB: daemon to balance interrupts for SMP systems.
[    6.664851] cloud-init[970]: Your public key has been saved in /etc/ssh/ssh_host_ecdsa_key.pub.
[    6.670912] cloud-init[970]: The key fingerprint is:
[    6.674186] cloud-init[970]: SHA256:CIMp3ZSlt1juKQUpDujWkf+VjyVyxWrH2xOrjSY0e6o root@ubuntu-xenial
[    6.678641] cloud-init[970]: The key's randomart image is:
[    6.681105] cloud-init[970]: +---[ECDSA 256]---+
[    6.687191] cloud-init[970]: |    .o.          |
[    6.688229] cloud-init[970]: |.. =oo    .      |
[    6.689126] cloud-init[970]: |+ =oB o    o     |
[    6.696595] cloud-init[970]: |.+..oO o  =      |
[    6.697738] [[0;32m  OK  [0m] Started Virtualbox guest utils.
cloud-init[970]: | o....=.SB + .   |
[    6.701920] cloud-init[970]: |.    o..=o* o o  |
[    6.702903] cloud-init[970]: |    . o...oo +   |
[    6.704674] cloud-init[970]: |     .   o o+ .  |
[    6.707438] cloud-init[970]: |       E..=o .   |
[    6.716248] cloud-init[970]: +----[SHA256]-----+
[    6.717103] cloud-init[970]: Generating public/private ed25519 key pair.
[    6.731430] cloud-init[970]: Your identification has been saved in /etc/ssh/ssh_host_ed25519_key.
[    6.741032] cloud-init[970]: Your public key has been saved in /etc/ssh/ssh_host_ed25519_key.pub.
[    6.742265] cloud-init[970]: The key fingerprint is:
[    6.742973] cloud-init[970]: SHA256:4IIN5oKlYmjkElXTgnFiSCLI1cNMApQL8Pj5jnHqK/I root@ubuntu-xenial
[    6.749125] cloud-init[970]: The key's randomart image is:
[    6.750668] cloud-init[970]: +--[ED25519 256]--+
[    6.756701] cloud-init[970]: |X=O*Oo           |
[    6.764292] cloud-init[970]: |*B.oo*.          |
[    6.765122] cloud-init[970]: |+.*  .o          |
[    6.772259] cloud-init[970]: |=O = . .         |
[    6.775823] cloud-init[970]: |B+= o . S        |
[    6.777069] cloud-init[970]: |=. . .           |
[    6.784489] cloud-init[970]: |  . o            |
[    6.785228] cloud-init[970]: |o  *             |
[    6.785964] cloud-init[970]: |.+E..            |
[    6.786679] cloud-init[970]: +----[SHA256]-----+
[[0;32m  OK  [0m] Started Snap Daemon.
         Starting Wait until snapd is fully seeded...
[[0;32m  OK  [0m] Started Pollinate to seed the pseudo random number generator.
         Starting OpenBSD Secure Shell server...
[[0;32m  OK  [0m] Started OpenBSD Secure Shell server.
[[0;32m  OK  [0m] Started Wait until snapd is fully seeded.
         Starting Apply the settings specified in cloud-config...
[[0;32m  OK  [0m] Reached target Multi-User System.
[[0;32m  OK  [0m] Reached target Graphical Interface.
         Starting Update UTMP about System Runlevel Changes...
[[0;32m  OK  [0m] Started Update UTMP about System Runlevel Changes.
[   10.309708] cloud-init[1318]: Generating locales (this might take a while)...
[   10.888231] cloud-init[1318]:   en_US.UTF-8... done
[   10.889083] cloud-init[1318]: Generation complete.
[   11.131627] cloud-init[1318]: Cloud-init v. 21.1-19-gbad84ad4-0ubuntu1~16.04.2 running 'modules:config' at Mon, 12 Jan 2026 11:55:10 +0000. Up 10.24 seconds.
[[0;32m  OK  [0m] Started Apply the settings specified in cloud-config.
         Starting Execute cloud user/final scripts...
ci-info: no authorized SSH keys fingerprints found for user ubuntu.
<14>Jan 12 11:55:11 ec2: 
<14>Jan 12 11:55:11 ec2: #############################################################
<14>Jan 12 11:55:11 ec2: -----BEGIN SSH HOST KEY FINGERPRINTS-----
<14>Jan 12 11:55:11 ec2: 1024 SHA256:Lf8osnRgs2xjx725GgUcmeCToaz+QyaVsfVyq3FTuRs root@ubuntu-xenial (DSA)
<14>Jan 12 11:55:11 ec2: 256 SHA256:CIMp3ZSlt1juKQUpDujWkf+VjyVyxWrH2xOrjSY0e6o root@ubuntu-xenial (ECDSA)
<14>Jan 12 11:55:11 ec2: 256 SHA256:4IIN5oKlYmjkElXTgnFiSCLI1cNMApQL8Pj5jnHqK/I root@ubuntu-xenial (ED25519)
<14>Jan 12 11:55:11 ec2: 2048 SHA256:Wn037wTjVDrA/ZPnMmyaHlxgDmRbxE3kuwV56xiIXRo root@ubuntu-xenial (RSA)
<14>Jan 12 11:55:11 ec2: -----END SSH HOST KEY FINGERPRINTS-----
<14>Jan 12 11:55:11 ec2: #############################################################
-----BEGIN SSH HOST KEY KEYS-----
ecdsa-sha2-nistp256 AAAAE2VjZHNhLXNoYTItbmlzdHAyNTYAAAAIbmlzdHAyNTYAAABBBN6xN2Jrfqxq1+GEDKmXEoL517aABKzecjckLdN9wMOxW+x1m6oaphTCj4e79oZKSt9pKX3+8+KdlVoTLnZGdUU= root@ubuntu-xenial
ssh-ed25519 AAAAC3NzaC1lZDI1NTE5AAAAIOOF/3ZDjMrD4aozMZK3QCgg+Zg1kLHVEgi//D6Xdn1R root@ubuntu-xenial
ssh-rsa AAAAB3NzaC1yc2EAAAADAQABAAABAQCxq4yVZ/2BXJ89terA5sItlZGo9W7uWR53BasGgSAPfLa8qT9AjtaMvk8Ro7EgtU3E9i93cZgksGoYYU3G+5QkT4QNh+LwN0H5ZBO1DhwR2oWxvij/5bUi20XNU8y0aPR0QKJAhPDm3j8eZODFiJc0VWME6gJNNmDAI1/xqxxdoRRt0ZnpxO3Q5pq08Zo04ZSUL/KpcUyp+MjuSchaQs47756as9Mveg7FDzDKTvaKxQM6AkSpTJ6QhzlljqELkSmKJjRMyYmjPTvZoNKM3BM7K79XkouXqcgDTEUOFy0sqEVyESTxb7GmVRGeYMRSWeq2EPvimBtQUjZ53RDrh9gz root@ubuntu-xenial
-----END SSH HOST KEY KEYS-----
[   11.458275] cloud-init[1361]: Cloud-init v. 21.1-19-gbad84ad4-0ubuntu1~16.04.2 running 'modules:final' at Mon, 12 Jan 2026 11:55:11 +0000. Up 11.35 seconds.
[   11.464336] cloud-init[1361]: ci-info: no authorized SSH keys fingerprints found for user ubuntu.
[   11.465414] cloud-init[1361]: Cloud-init v. 21.1-19-gbad84ad4-0ubuntu1~16.04.2 finished at Mon, 12 Jan 2026 11:55:11 +0000. Datasource DataSourceNoCloud [seed=/dev/sdb][dsmode=net].  Up 11.45 seconds
[[0;32m  OK  [0m] Started Execute cloud user/final scripts.
[[0;32m  OK  [0m] Reached target Cloud-init target.

Ubuntu 16.04.7 LTS ubuntu-xenial ttyS0

ubuntu-xenial login: [[0;32m  OK  [0m] Stopped target Graphical Interface.
         Stopping Session 4 of user vagrant.
         Stopping Authenticate and Authorize Users to Run Privileged Tasks...
         Stopping Accounts Service...
[[0;32m  OK  [0m] Closed Load/Save RF Kill Switch Status /dev/rfkill Watch.
         Stopping ACPI event daemon...
         Stopping User Manager for UID 1000...
[[0;32m  OK  [0m] Stopped target Cloud-init target.
[[0;32m  OK  [0m] Stopped Execute cloud user/final scripts.
[[0;32m  OK  [0m] Stopped target Multi-User System.
         Stopping LSB: Record successful boot for GRUB...
         Stopp[[0;32m  OK  [0m] Stopped Unattended Upgrades Shutdown.
[[0;32m  OK  [0m] Stopped target Cloud-init target.
[[0;32m  OK  [0m] Stopped target Timers.
[[0;32m  OK  [0m] Stopped Message of the Day.
         Stopping ACPI event daemon...
[[0;32m  OK  [0m] Stopped Ubuntu Advantage update messaging.
[[0;32m  OK  [0m] Stopped Daily apt upgrade and clean activities.
[[0;32m  OK  [0m] Stopped Execute cloud user/final scripts.
[[0;32m  OK  [0m] Stopped Apply the settings specified in cloud-config.
[[0;32m  OK  [0m] Stopped target Cloud-config availability.
[[0;32m  OK  [0m] Stopped Daily apt download activities.
[[0;32m  OK  [0m] Stopped target System Time Synchronized.
         Stopping User Manager for UID 1000...
         Stopping Session 4 of user vagrant.
         Stopping Authenticate and Authorize Users to Run Privileged Tasks...
[[0;32m  OK  [0m] Closed Load/Save RF Kill Switch Status /dev/rfkill Watch.
[[0;32m  OK  [0m] Stopped Daily Cleanup of Temporary Directories.
[[0;32m  OK  [0m] Stopped target Graphical Interface.
[[0;32m  OK  [0m] Stopped target Multi-User System.
         Stopping D-Bus System Message Bus...
         Stopping Regular background program processing daemon...
         Stopping OpenBSD Secure Shell server...
         Stopping LSB: automatic crash report generation...
[[0;32m  OK  [0m] Stopped Wait until snapd is fully seeded.
         Stopping System Logging Service...
         Stopping RabbitMQ Messaging Server...
         Stopping FUSE filesystem for LXC...
         Stopping Virtualbox guest utils...
         Stopping Deferred execution scheduler...
         Stopping LXD - container startup/shutdown...
         Stopping Accounts Service...
         Stopping LSB: Set the CPU Frequency Scaling governor to "ondemand"...
         Stopping LSB: daemon to balance interrupts for SMP systems...
         Stopping LSB: Record successful boot for GRUB...
         Stopping LSB: MD monitoring daemon...
[[0;32m  OK  [0m] Stopped target Login Prompts.
         Stopping Getty on tty1...
         Stopping Serial Getty on ttyS0...
[[0;32m  OK  [0m] Unmounted /var/lib/lxcfs.
[[0;32m  OK  [0m] Stopped Regular background program processing daemon.
[[0;32m  OK  [0m] Stopped Deferred execution scheduler.
[[0;32m  OK  [0m] Stopped System Logging Service.
[[0;32m  OK  [0m] Stopped ACPI event daemon.
[[0;32m  OK  [0m] Stopped Accounts Service.
[[0;32m  OK  [0m] Stopped Authenticate and Authorize Users to Run Privileged Tasks.
[[0;32m  OK  [0m] Stopped Getty on tty1.
[[0;32m  OK  [0m] Stopped Serial Getty on ttyS0.
[[0;32m  OK  [0m] Stopped OpenBSD Secure Shell server.
[[0;32m  OK  [0m] Stopped User Manager for UID 1000.
[[0;32m  OK  [0m] Stopped Session 4 of user vagrant.
[[0;32m  OK  [0m] Stopped D-Bus System Message Bus.
[[0;32m  OK  [0m] Stopped FUSE filesystem for LXC.
[[0;32m  OK  [0m] Stopped LXD - container startup/shutdown.
[[0;32m  OK  [0m] Stopped LSB: Set the CPU Frequency Scaling governor to "ondemand".
[[0;32m  OK  [0m] Stopped LSB: automatic crash report generation.
[[0;32m  OK  [0m] Stopped Virtualbox guest utils.
[[0;32m  OK  [0m] Stopped LSB: MD monitoring daemon.
[[0;32m  OK  [0m] Stopped LSB: Record successful boot for GRUB.
[[0;32m  OK  [0m] Stopped LSB: daemon to balance interrupts for SMP systems.
[[0;32m  OK  [0m] Removed slice User Slice of vagrant.
         Stopping Login Service...
[[0;32m  OK  [0m] Removed slice system-serial\x2dgetty.slice.
[[0;32m  OK  [0m] Removed slice system-getty.slice.
         Stopping Permit User Sessions...
[[0;32m  OK  [0m] Stopped /etc/rc.local Compatibility.
[[0;32m  OK  [0m] Stopped Permit User Sessions.
[[0;32m  OK  [0m] Stopped target Remote File Systems.
         Unmounting /vagrant...
[[0;32m  OK  [0m] Stopped Login Service.
[[0;32m  OK  [0m] Stopped target User and Group Name Lookups.
[[0;32m  OK  [0m] Unmounted /vagrant.
[[0;32m  OK  [0m] Stopped target Remote File Systems (Pre).
         Stopping Login to default iSCSI targets...
[[0;32m  OK  [0m] Stopped Login to default iSCSI targets.
         Stopping iSCSI initiator daemon (iscsid)...
[[0;32m  OK  [0m] Stopped iSCSI initiator daemon (iscsid).
[[0;32m  OK  [0m] Stopped target Network is Online.
[[0;32m  OK  [0m] Stopped RabbitMQ Messaging Server.
[[0;32m  OK  [0m] Stopped target Basic System.
[[0;32m  OK  [0m] Stopped target Sockets.
[[0;32m  OK  [0m] Closed LXD - unix socket.
[[0;32m  OK  [0m] Closed UUID daemon activation socket.
[[0;32m  OK  [0m] Closed ACPID Listen Socket.
[[0;32m  OK  [0m] Closed D-Bus System Message Bus Socket.
[[0;32m  OK  [0m] Closed Syslog Socket.
[[0;32m  OK  [0m] Closed Socket activation for snappy daemon.
[[0;32m  OK  [0m] Stopped target Paths.
[[0;32m  OK  [0m] Stopped Forward Password Requests to Wall Directory Watch.
[[0;32m  OK  [0m] Stopped ACPI Events Check.
[[0;32m  OK  [0m] Stopped Dispatch Password Requests to Console Directory Watch.
[[0;32m  OK  [0m] Stopped target Slices.
[[0;32m  OK  [0m] Removed slice User and Session Slice.
[[0;32m  OK  [0m] Stopped target Network.
[[0;32m  OK  [0m] Stopped target System Initialization.
[[0;32m  OK  [0m] Stopped Create Volatile Files and Directories.
[[0;32m  OK  [0m] Stopped target Swap.
[[0;32m  OK  [0m] Stopped target Encrypted Volumes.
         Stopping Load/Save Random Seed...
[[0;32m  OK  [0m] Stopped Commit a transient machine-id on disk.
[[0;32m  OK  [0m] Stopped Initial cloud-init job (metadata service crawler).
         Stopping Raise network interfaces...
[[0;32m  OK  [0m] Stopped Load/Save Random Seed.
[[0;32m  OK  [0m] Stopped Raise network interfaces.
[[0;32m  OK  [0m] Stopped Apply Kernel Variables.
[[0;32m  OK  [0m] Stopped target Network (Pre).
[[0;32m  OK  [0m] Stopped Initial cloud-init job (pre-networking).
[[0;32m  OK  [0m] Stopped Load Kernel Modules.
[[0;32m  OK  [0m] Stopped target Local File Systems.
         Unmounting /run/user/1000...
[[0;32m  OK  [0m] Unmounted /run/user/1000.
[[0;32m  OK  [0m] Reached target Unmount All Filesystems.
[[0;32m  OK  [0m] Stopped target Local File Systems (Pre).
[[0;32m  OK  [0m] Stopped Create Static Device Nodes in /dev.
[[0;32m  OK  [0m] Stopped Remount Root and Kernel File Systems.
[[0;32m  OK  [0m] Reached target Shutdown.
[ 1765.113647] reboot: Power down
 Nodes in /dev.
[[0;32m  OK  [0m] Stopped Remount Root and Kernel File Systems.
[[0;32m  OK  [0m] Reached target Shutdown.
[ 1663.934125] reboot: Power down
